This is pdfTeX, Version 3.141592653-2.6-1.40.22 (TeX Live 2022/dev/Debian) (preloaded format=pdflatex 2022.10.24)  28 OCT 2022 11:29
entering extended mode
 restricted \write18 enabled.
 file:line:error style messages enabled.
 %&-line parsing enabled.
**expose.tex
(./expose.tex
LaTeX2e <2021-11-15> patch level 1
L3 programming layer <2022-01-21>
(/usr/share/texlive/texmf-dist/tex/latex/base/article.cls
Document Class: article 2021/10/04 v1.4n Standard LaTeX document class
(/usr/share/texlive/texmf-dist/tex/latex/base/size10.clo
File: size10.clo 2021/10/04 v1.4n Standard LaTeX file (size option)
)
\c@part=\count185
\c@section=\count186
\c@subsection=\count187
\c@subsubsection=\count188
\c@paragraph=\count189
\c@subparagraph=\count190
\c@figure=\count191
\c@table=\count192
\abovecaptionskip=\skip47
\belowcaptionskip=\skip48
\bibindent=\dimen138
)
(/usr/share/texlive/texmf-dist/tex/latex/amsfonts/amssymb.sty
Package: amssymb 2013/01/14 v3.01 AMS font symbols

(/usr/share/texlive/texmf-dist/tex/latex/amsfonts/amsfonts.sty
Package: amsfonts 2013/01/14 v3.01 Basic AMSFonts support
\@emptytoks=\toks16
\symAMSa=\mathgroup4
\symAMSb=\mathgroup5
LaTeX Font Info:    Redeclaring math symbol \hbar on input line 98.
LaTeX Font Info:    Overwriting math alphabet `\mathfrak' in version `bold'
(Font)                  U/euf/m/n --> U/euf/b/n on input line 106.
))
(/usr/share/texlive/texmf-dist/tex/latex/graphics/graphicx.sty
Package: graphicx 2021/09/16 v1.2d Enhanced LaTeX Graphics (DPC,SPQR)

(/usr/share/texlive/texmf-dist/tex/latex/graphics/keyval.sty
Package: keyval 2014/10/28 v1.15 key=value parser (DPC)
\KV@toks@=\toks17
)
(/usr/share/texlive/texmf-dist/tex/latex/graphics/graphics.sty
Package: graphics 2021/03/04 v1.4d Standard LaTeX Graphics (DPC,SPQR)

(/usr/share/texlive/texmf-dist/tex/latex/graphics/trig.sty
Package: trig 2021/08/11 v1.11 sin cos tan (DPC)
)
(/usr/share/texlive/texmf-dist/tex/latex/graphics-cfg/graphics.cfg
File: graphics.cfg 2016/06/04 v1.11 sample graphics configuration
)
Package graphics Info: Driver file: pdftex.def on input line 107.

(/usr/share/texlive/texmf-dist/tex/latex/graphics-def/pdftex.def
File: pdftex.def 2020/10/05 v1.2a Graphics/color driver for pdftex
))
\Gin@req@height=\dimen139
\Gin@req@width=\dimen140
)
(/usr/share/texlive/texmf-dist/tex/latex/l3backend/l3backend-pdftex.def
File: l3backend-pdftex.def 2022-01-12 L3 backend support: PDF output (pdfTeX)
\l__color_backend_stack_int=\count193
\l__pdf_internal_box=\box50
)
(./expose.aux)
\openout1 = `expose.aux'.

LaTeX Font Info:    Checking defaults for OML/cmm/m/it on input line 9.
LaTeX Font Info:    ... okay on input line 9.
LaTeX Font Info:    Checking defaults for OMS/cmsy/m/n on input line 9.
LaTeX Font Info:    ... okay on input line 9.
LaTeX Font Info:    Checking defaults for OT1/cmr/m/n on input line 9.
LaTeX Font Info:    ... okay on input line 9.
LaTeX Font Info:    Checking defaults for T1/cmr/m/n on input line 9.
LaTeX Font Info:    ... okay on input line 9.
LaTeX Font Info:    Checking defaults for TS1/cmr/m/n on input line 9.
LaTeX Font Info:    ... okay on input line 9.
LaTeX Font Info:    Checking defaults for OMX/cmex/m/n on input line 9.
LaTeX Font Info:    ... okay on input line 9.
LaTeX Font Info:    Checking defaults for U/cmr/m/n on input line 9.
LaTeX Font Info:    ... okay on input line 9.

(/usr/share/texlive/texmf-dist/tex/context/base/mkii/supp-pdf.mkii
[Loading MPS to PDF converter (version 2006.09.02).]
\scratchcounter=\count194
\scratchdimen=\dimen141
\scratchbox=\box51
\nofMPsegments=\count195
\nofMParguments=\count196
\everyMPshowfont=\toks18
\MPscratchCnt=\count197
\MPscratchDim=\dimen142
\MPnumerator=\count198
\makeMPintoPDFobject=\count199
\everyMPtoPDFconversion=\toks19
) (/usr/share/texlive/texmf-dist/tex/latex/epstopdf-pkg/epstopdf-base.sty
Package: epstopdf-base 2020-01-24 v2.11 Base part for package epstopdf
Package epstopdf-base Info: Redefining graphics rule for `.eps' on input line 4
85.

(/usr/share/texlive/texmf-dist/tex/latex/latexconfig/epstopdf-sys.cfg
File: epstopdf-sys.cfg 2010/07/13 v1.3 Configuration of (r)epstopdf for TeX Liv
e
))
LaTeX Font Info:    Trying to load font information for U+msa on input line 10.


(/usr/share/texlive/texmf-dist/tex/latex/amsfonts/umsa.fd
File: umsa.fd 2013/01/14 v3.01 AMS symbols A
)
LaTeX Font Info:    Trying to load font information for U+msb on input line 10.


(/usr/share/texlive/texmf-dist/tex/latex/amsfonts/umsb.fd
File: umsb.fd 2013/01/14 v3.01 AMS symbols B
) [1

{/var/lib/texmf/fonts/map/pdftex/updmap/pdftex.map}]
<../imgs//homotopy.png, id=17, 1323.44438pt x 410.2828pt>
File: ../imgs//homotopy.png Graphic file (type png)
<use ../imgs//homotopy.png>
Package pdftex.def Info: ../imgs//homotopy.png  used on input line 71.
(pdftex.def)             Requested size: 238.2097pt x 73.84772pt.
<../imgs//simplicialcomplex.png, id=18, 1152.55594pt x 933.4875pt>
File: ../imgs//simplicialcomplex.png Graphic file (type png)
<use ../imgs//simplicialcomplex.png>
Package pdftex.def Info: ../imgs//simplicialcomplex.png  used on input line 88.

(pdftex.def)             Requested size: 115.26234pt x 93.35422pt.
 [2 <../imgs//homotopy.png (PNG copy)> <../imgs//simplicialcomplex.png (PNG cop
y)>]
<../imgs//continuouspathplanning.png, id=22, 800.23969pt x 234.8775pt>
File: ../imgs//continuouspathplanning.png Graphic file (type png)
<use ../imgs//continuouspathplanning.png>
Package pdftex.def Info: ../imgs//continuouspathplanning.png  used on input lin
e 107.
(pdftex.def)             Requested size: 240.07376pt x 70.46379pt.
<../imgs//graph_search_algorithms.png, id=23, 596.2275pt x 371.88937pt>
File: ../imgs//graph_search_algorithms.png Graphic file (type png)
<use ../imgs//graph_search_algorithms.png>
Package pdftex.def Info: ../imgs//graph_search_algorithms.png  used on input li
ne 147.
(pdftex.def)             Requested size: 208.68274pt x 130.16322pt.


LaTeX Warning: `h' float specifier changed to `ht'.

[3 <../imgs//continuouspathplanning.png (PNG copy)>]
Overfull \hbox (4.30618pt too wide) in paragraph at lines 194--203
[]\OT1/cmr/m/n/10 Another highly cited ap-proach us-ing only a sin-gle tree is 
the Rapidly-exploring
 []

<../imgs//rrt_voronoi.png, id=28, 801.74532pt x 255.20343pt>
File: ../imgs//rrt_voronoi.png Graphic file (type png)
<use ../imgs//rrt_voronoi.png>
Package pdftex.def Info: ../imgs//rrt_voronoi.png  used on input line 204.
(pdftex.def)             Requested size: 220.47452pt x 70.1792pt.

LaTeX Warning: `h' float specifier changed to `ht'.

[4 <../imgs//graph_search_algorithms.png (PNG copy)>] [5 <../imgs//rrt_voronoi.
png (PNG copy)>]
<../imgs//word_construction.png, id=35, 481.8pt x 373.395pt>
File: ../imgs//word_construction.png Graphic file (type png)
<use ../imgs//word_construction.png>
Package pdftex.def Info: ../imgs//word_construction.png  used on input line 273
.
(pdftex.def)             Requested size: 192.71658pt x 149.35535pt.

Underfull \hbox (badness 7433) in paragraph at lines 277--277
[]\OT1/cmr/m/n/10 Figure 6: The blue path yields the con-structed word $\OML/cm
m/m/it/10 h\OT1/cmr/m/n/10 (\OML/cmm/m/it/10 ^^M\OT1/cmr/m/n/10 ) =
 []

(./expose.bbl [6 <../imgs//word_construction.png (PNG copy)>]
Underfull \hbox (badness 1168) in paragraph at lines 4--8
[]\OT1/cmr/m/n/10 Amylia Ait Saadi, As-sia Soukane, Yas-sine Meraihi, Asma Ben-
mes-
 []

[7] [8]) [9] (./expose.aux) ) 
Here is how much of TeX's memory you used:
 1943 strings out of 480194
 30599 string characters out of 5893741
 313735 words of memory out of 5000000
 19912 multiletter control sequences out of 15000+600000
 477468 words of font info for 60 fonts, out of 8000000 for 9000
 14 hyphenation exceptions out of 8191
 55i,8n,62p,326b,228s stack positions out of 5000i,500n,10000p,200000b,80000s
</usr/share/texlive/texmf-dist/fonts/type1/public/
amsfonts/cm/cmbx10.pfb></usr/share/texlive/texmf-dist/fonts/type1/public/amsfon
ts/cm/cmbx12.pfb></usr/share/texlive/texmf-dist/fonts/type1/public/amsfonts/cm/
cmmi10.pfb></usr/share/texlive/texmf-dist/fonts/type1/public/amsfonts/cm/cmmi7.
pfb></usr/share/texlive/texmf-dist/fonts/type1/public/amsfonts/cm/cmr10.pfb></u
sr/share/texlive/texmf-dist/fonts/type1/public/amsfonts/cm/cmr12.pfb></usr/shar
e/texlive/texmf-dist/fonts/type1/public/amsfonts/cm/cmr17.pfb></usr/share/texli
ve/texmf-dist/fonts/type1/public/amsfonts/cm/cmr7.pfb></usr/share/texlive/texmf
-dist/fonts/type1/public/amsfonts/cm/cmsy10.pfb></usr/share/texlive/texmf-dist/
fonts/type1/public/amsfonts/cm/cmsy7.pfb></usr/share/texlive/texmf-dist/fonts/t
ype1/public/amsfonts/cm/cmti10.pfb></usr/share/texlive/texmf-dist/fonts/type1/p
ublic/amsfonts/symbols/msbm10.pfb>
Output written on expose.pdf (9 pages, 563376 bytes).
PDF statistics:
 100 PDF objects out of 1000 (max. 8388607)
 58 compressed objects within 1 object stream
 0 named destinations out of 1000 (max. 500000)
 31 words of extra memory for PDF output out of 10000 (max. 10000000)

