This is pdfTeX, Version 3.141592653-2.6-1.40.22 (TeX Live 2022/dev/Debian) (preloaded format=pdflatex 2022.10.24)  27 OCT 2022 09:58
entering extended mode
 restricted \write18 enabled.
 file:line:error style messages enabled.
 %&-line parsing enabled.
**proposal.tex
(./proposal.tex
LaTeX2e <2021-11-15> patch level 1
L3 programming layer <2022-01-21>
(/usr/share/texlive/texmf-dist/tex/latex/base/article.cls
Document Class: article 2021/10/04 v1.4n Standard LaTeX document class
(/usr/share/texlive/texmf-dist/tex/latex/base/size11.clo
File: size11.clo 2021/10/04 v1.4n Standard LaTeX file (size option)
)
\c@part=\count185
\c@section=\count186
\c@subsection=\count187
\c@subsubsection=\count188
\c@paragraph=\count189
\c@subparagraph=\count190
\c@figure=\count191
\c@table=\count192
\abovecaptionskip=\skip47
\belowcaptionskip=\skip48
\bibindent=\dimen138
)
(/usr/share/texlive/texmf-dist/tex/latex/amsfonts/amssymb.sty
Package: amssymb 2013/01/14 v3.01 AMS font symbols

(/usr/share/texlive/texmf-dist/tex/latex/amsfonts/amsfonts.sty
Package: amsfonts 2013/01/14 v3.01 Basic AMSFonts support
\@emptytoks=\toks16
\symAMSa=\mathgroup4
\symAMSb=\mathgroup5
LaTeX Font Info:    Redeclaring math symbol \hbar on input line 98.
LaTeX Font Info:    Overwriting math alphabet `\mathfrak' in version `bold'
(Font)                  U/euf/m/n --> U/euf/b/n on input line 106.
))
(/usr/share/texlive/texmf-dist/tex/latex/graphics/graphicx.sty
Package: graphicx 2021/09/16 v1.2d Enhanced LaTeX Graphics (DPC,SPQR)

(/usr/share/texlive/texmf-dist/tex/latex/graphics/keyval.sty
Package: keyval 2014/10/28 v1.15 key=value parser (DPC)
\KV@toks@=\toks17
)
(/usr/share/texlive/texmf-dist/tex/latex/graphics/graphics.sty
Package: graphics 2021/03/04 v1.4d Standard LaTeX Graphics (DPC,SPQR)

(/usr/share/texlive/texmf-dist/tex/latex/graphics/trig.sty
Package: trig 2021/08/11 v1.11 sin cos tan (DPC)
)
(/usr/share/texlive/texmf-dist/tex/latex/graphics-cfg/graphics.cfg
File: graphics.cfg 2016/06/04 v1.11 sample graphics configuration
)
Package graphics Info: Driver file: pdftex.def on input line 107.

(/usr/share/texlive/texmf-dist/tex/latex/graphics-def/pdftex.def
File: pdftex.def 2020/10/05 v1.2a Graphics/color driver for pdftex
))
\Gin@req@height=\dimen139
\Gin@req@width=\dimen140
)
(/usr/share/texlive/texmf-dist/tex/latex/l3backend/l3backend-pdftex.def
File: l3backend-pdftex.def 2022-01-12 L3 backend support: PDF output (pdfTeX)
\l__color_backend_stack_int=\count193
\l__pdf_internal_box=\box50
)
(./proposal.aux)
\openout1 = `proposal.aux'.

LaTeX Font Info:    Checking defaults for OML/cmm/m/it on input line 11.
LaTeX Font Info:    ... okay on input line 11.
LaTeX Font Info:    Checking defaults for OMS/cmsy/m/n on input line 11.
LaTeX Font Info:    ... okay on input line 11.
LaTeX Font Info:    Checking defaults for OT1/cmr/m/n on input line 11.
LaTeX Font Info:    ... okay on input line 11.
LaTeX Font Info:    Checking defaults for T1/cmr/m/n on input line 11.
LaTeX Font Info:    ... okay on input line 11.
LaTeX Font Info:    Checking defaults for TS1/cmr/m/n on input line 11.
LaTeX Font Info:    ... okay on input line 11.
LaTeX Font Info:    Checking defaults for OMX/cmex/m/n on input line 11.
LaTeX Font Info:    ... okay on input line 11.
LaTeX Font Info:    Checking defaults for U/cmr/m/n on input line 11.
LaTeX Font Info:    ... okay on input line 11.

(/usr/share/texlive/texmf-dist/tex/context/base/mkii/supp-pdf.mkii
[Loading MPS to PDF converter (version 2006.09.02).]
\scratchcounter=\count194
\scratchdimen=\dimen141
\scratchbox=\box51
\nofMPsegments=\count195
\nofMParguments=\count196
\everyMPshowfont=\toks18
\MPscratchCnt=\count197
\MPscratchDim=\dimen142
\MPnumerator=\count198
\makeMPintoPDFobject=\count199
\everyMPtoPDFconversion=\toks19
) (/usr/share/texlive/texmf-dist/tex/latex/epstopdf-pkg/epstopdf-base.sty
Package: epstopdf-base 2020-01-24 v2.11 Base part for package epstopdf
Package epstopdf-base Info: Redefining graphics rule for `.eps' on input line 4
85.

(/usr/share/texlive/texmf-dist/tex/latex/latexconfig/epstopdf-sys.cfg
File: epstopdf-sys.cfg 2010/07/13 v1.3 Configuration of (r)epstopdf for TeX Liv
e
))
LaTeX Font Info:    Trying to load font information for U+msa on input line 12.


(/usr/share/texlive/texmf-dist/tex/latex/amsfonts/umsa.fd
File: umsa.fd 2013/01/14 v3.01 AMS symbols A
)
LaTeX Font Info:    Trying to load font information for U+msb on input line 12.


(/usr/share/texlive/texmf-dist/tex/latex/amsfonts/umsb.fd
File: umsb.fd 2013/01/14 v3.01 AMS symbols B
)
Underfull \vbox (badness 1024) has occurred while \output is active []

 [1{/var/lib/texmf/fonts/map/pdftex/updmap/pdftex.map}


]
<../imgs//homotopy.png, id=17, 1323.44438pt x 410.2828pt>
File: ../imgs//homotopy.png Graphic file (type png)
<use ../imgs//homotopy.png>
Package pdftex.def Info: ../imgs//homotopy.png  used on input line 75.
(pdftex.def)             Requested size: 238.2097pt x 73.84772pt.

Overfull \hbox (8.7097pt too wide) in paragraph at lines 75--76
 [][] 
 []

<../imgs//cspace.png, id=18, 768.62157pt x 509.65407pt>
File: ../imgs//cspace.png Graphic file (type png)
<use ../imgs//cspace.png>
Package pdftex.def Info: ../imgs//cspace.png  used on input line 99.
(pdftex.def)             Requested size: 192.15492pt x 127.4132pt.

LaTeX Warning: `h' float specifier changed to `ht'.

<../imgs//homotopy_classes.png, id=19, 864.98157pt x 837.1275pt>
File: ../imgs//homotopy_classes.png Graphic file (type png)
<use ../imgs//homotopy_classes.png>
Package pdftex.def Info: ../imgs//homotopy_classes.png  used on input line 106.

(pdftex.def)             Requested size: 172.99324pt x 167.42253pt.

LaTeX Warning: `h' float specifier changed to `ht'.

<../imgs//graph_search_algorithms.png, id=20, 596.2275pt x 371.88937pt>
File: ../imgs//graph_search_algorithms.png Graphic file (type png)
<use ../imgs//graph_search_algorithms.png>
Package pdftex.def Info: ../imgs//graph_search_algorithms.png  used on input li
ne 139.
(pdftex.def)             Requested size: 208.68274pt x 130.16322pt.

LaTeX Warning: `h' float specifier changed to `ht'.

[2 <../imgs//homotopy.png (PNG copy)> <../imgs//cspace.png (PNG copy)>]
<../imgs//rrt_voronoi.png, id=25, 801.74532pt x 255.20343pt>
File: ../imgs//rrt_voronoi.png Graphic file (type png)
<use ../imgs//rrt_voronoi.png>
Package pdftex.def Info: ../imgs//rrt_voronoi.png  used on input line 196.
(pdftex.def)             Requested size: 220.47452pt x 70.1792pt.


LaTeX Warning: `h' float specifier changed to `ht'.

[3 <../imgs//homotopy_classes.png (PNG copy)> <../imgs//graph_search_algorithms
.png (PNG copy)>]
Underfull \vbox (badness 1009) has occurred while \output is active []

 [4 <../imgs//rrt_voronoi.png (PNG copy)>]
<../imgs//word_construction.png, id=32, 481.8pt x 373.395pt>
File: ../imgs//word_construction.png Graphic file (type png)
<use ../imgs//word_construction.png>
Package pdftex.def Info: ../imgs//word_construction.png  used on input line 273
.
(pdftex.def)             Requested size: 192.71658pt x 149.35535pt.
<../imgs//tethered_exploration.png, id=33, 633.86812pt x 510.40688pt>
File: ../imgs//tethered_exploration.png Graphic file (type png)
<use ../imgs//tethered_exploration.png>
Package pdftex.def Info: ../imgs//tethered_exploration.png  used on input line 
314.
(pdftex.def)             Requested size: 190.1619pt x 153.12323pt.
 [5 <../imgs//word_construction.png (PNG copy)> <../imgs//tethered_exploration.
png (PNG copy)>] (./proposal.bbl
Underfull \hbox (badness 1354) in paragraph at lines 4--8
\OT1/cmr/m/n/10.95 Seyedali Mir-jalili, and Amar Ramdane-
 []


Underfull \hbox (badness 1968) in paragraph at lines 22--26
[]\OT1/cmr/m/n/10.95 Subhrajit Bhat-tacharya, Robert Ghrist,
 []


Underfull \hbox (badness 1383) in paragraph at lines 28--31
\OT1/cmr/m/n/10.95 ning with Ho-mo-topy Class Con-straints.
 []

[6] [7]
Underfull \hbox (badness 2173) in paragraph at lines 56--59
[]\OT1/cmr/m/n/10.95 Mohamed El-ban-hawi and Mi-lan Simic.
 []


Underfull \hbox (badness 1147) in paragraph at lines 67--71
\OT1/cmr/m/n/10.95 Field D* Al-go-rithm for Im-proved Path
 []


Underfull \hbox (badness 1097) in paragraph at lines 73--78
\OT1/cmr/m/n/10.95 ning fo-cused via di-rect sam-pling of an
 []


Underfull \hbox (badness 6236) in paragraph at lines 100--103
[]\OT1/cmr/m/n/10.95 Sertac Kara-man and Emilio Fraz-zoli.
 []


Underfull \hbox (badness 2126) in paragraph at lines 100--103
\OT1/cmr/m/n/10.95 Sampling-based Al-go-rithms for Op-ti-mal
 []


Underfull \hbox (badness 10000) in paragraph at lines 112--117
\OT1/cmr/m/n/10.95 and M.H. Over-mars.  Prob-a-bilis-tic
 []


Underfull \hbox (badness 4543) in paragraph at lines 112--117
\OT1/cmr/m/n/10.95 roadmaps for path plan-ning in high-
 []

[8]
Underfull \hbox (badness 7221) in paragraph at lines 147--151
[]\OT1/cmr/m/n/10.95 Claire Liang and Hadas Kress-Gazit.
 []


Underfull \hbox (badness 1442) in paragraph at lines 170--175
\OT1/cmr/m/n/10.95 su-al-iz-ing Lo-cal Min-ima Us-ing a Local-
 []


Underfull \hbox (badness 1237) in paragraph at lines 177--181
[]\OT1/cmr/m/n/10.95 Basak Sak-cak, Luca Bascetta, and Gi-
 []


Underfull \hbox (badness 1609) in paragraph at lines 183--187
[]\OT1/cmr/m/n/10.95 Jos^^Se Ri-cardo S^^Sanchez-Ib^^Sa~nez, Car-los J.
 []


Underfull \hbox (badness 7099) in paragraph at lines 183--187
\OT1/cmr/m/n/10.95 P^^Serez-del-Pulgar, and Al-fonso Garc^^S^^Pa-
 []


Underfull \hbox (badness 2080) in paragraph at lines 183--187
\OT1/cmr/m/n/10.95 Mo-bile Robots: A Re-view.  \OT1/cmr/m/it/10.95 Sen-sors\OT1
/cmr/m/n/10.95 ,
 []


Underfull \hbox (badness 3068) in paragraph at lines 209--212
[]\OT1/cmr/m/n/10.95 Weifu Wang and Ping Li.  To-wards
 []

[9]) [10

] (./proposal.aux) ) 
Here is how much of TeX's memory you used:
 1960 strings out of 480194
 31082 string characters out of 5893741
 320864 words of memory out of 5000000
 19930 multiletter control sequences out of 15000+600000
 477658 words of font info for 59 fonts, out of 8000000 for 9000
 14 hyphenation exceptions out of 8191
 55i,11n,62p,421b,243s stack positions out of 5000i,500n,10000p,200000b,80000s
 </home/bencic/.texlive2021/texmf-var/fonts/pk/ljfour/jknap
pen/ec/tcrm1095.600pk></usr/share/texlive/texmf-dist/fonts/type1/public/amsfont
s/cm/cmbx10.pfb></usr/share/texlive/texmf-dist/fonts/type1/public/amsfonts/cm/c
mbx12.pfb></usr/share/texlive/texmf-dist/fonts/type1/public/amsfonts/cm/cmmi10.
pfb></usr/share/texlive/texmf-dist/fonts/type1/public/amsfonts/cm/cmmi8.pfb></u
sr/share/texlive/texmf-dist/fonts/type1/public/amsfonts/cm/cmr10.pfb></usr/shar
e/texlive/texmf-dist/fonts/type1/public/amsfonts/cm/cmr12.pfb></usr/share/texli
ve/texmf-dist/fonts/type1/public/amsfonts/cm/cmr17.pfb></usr/share/texlive/texm
f-dist/fonts/type1/public/amsfonts/cm/cmr8.pfb></usr/share/texlive/texmf-dist/f
onts/type1/public/amsfonts/cm/cmsy10.pfb></usr/share/texlive/texmf-dist/fonts/t
ype1/public/amsfonts/cm/cmsy8.pfb></usr/share/texlive/texmf-dist/fonts/type1/pu
blic/amsfonts/cm/cmti10.pfb></usr/share/texlive/texmf-dist/fonts/type1/public/a
msfonts/symbols/msbm10.pfb>
Output written on proposal.pdf (10 pages, 953343 bytes).
PDF statistics:
 109 PDF objects out of 1000 (max. 8388607)
 64 compressed objects within 1 object stream
 0 named destinations out of 1000 (max. 500000)
 36 words of extra memory for PDF output out of 10000 (max. 10000000)

